<?xml version="1.0" encoding="UTF-8"?>
<!-- Generated by org.testng.reporters.JUnitReportReporter -->
<testsuite hostname="Serveshs-MacBook-Air.local" failures="0" tests="1" name="com.mystore.testcases.ReadExcellTEST" time="1.380" errors="0" timestamp="2024-04-19T17:12:15 IST" skipped="0">
  <testcase classname="com.mystore.testcases.ReadExcellTEST" name="readExcelTest" time="1.380"/>
</testsuite> <!-- com.mystore.testcases.ReadExcellTEST -->
