<?xml version="1.0" encoding="UTF-8"?>
<!-- Generated by org.testng.reporters.JUnitReportReporter -->
<testsuite hostname="Serveshs-MacBook-Air.local" failures="0" tests="1" name="com.mystore.testcases.EndToEndTest" time="72.832" errors="0" timestamp="2024-04-22T17:56:04 IST" skipped="0">
  <testcase classname="com.mystore.testcases.EndToEndTest" name="endToEnd" time="72.832"/>
</testsuite> <!-- com.mystore.testcases.EndToEndTest -->
