<?xml version="1.0" encoding="UTF-8"?>
<!-- Generated by org.testng.reporters.JUnitReportReporter -->
<testsuite hostname="Serveshs-MacBook-Air.local" failures="0" tests="1" name="com.mystore.testcases.HomePageTest" time="24.678" errors="0" timestamp="2024-04-08T01:18:46 IST" skipped="0">
  <testcase classname="com.mystore.testcases.HomePageTest" name="WishListTest" time="24.678"/>
</testsuite> <!-- com.mystore.testcases.HomePageTest -->
