<?xml version="1.0" encoding="UTF-8"?>
<!-- Generated by org.testng.reporters.JUnitReportReporter -->
<testsuite hostname="Serveshs-MacBook-Air.local" failures="0" tests="1" name="com.mystore.utility.NewExcellLibrary" time="2.376" errors="0" timestamp="2024-04-19T00:34:33 IST" skipped="0">
  <testcase classname="com.mystore.utility.NewExcellLibrary" name="readExcel" time="2.376"/>
</testsuite> <!-- com.mystore.utility.NewExcellLibrary -->
