<?xml version="1.0" encoding="UTF-8"?>
<!-- Generated by org.testng.reporters.JUnitReportReporter -->
<testsuite hostname="Serveshs-MacBook-Air.local" failures="0" tests="1" name="com.mystore.testcases.SearchResultPageTest" time="9.733" errors="0" timestamp="2024-04-23T14:45:08 IST" skipped="0">
  <testcase classname="com.mystore.testcases.SearchResultPageTest" name="productAvailabilityTest" time="9.733"/>
</testsuite> <!-- com.mystore.testcases.SearchResultPageTest -->
