<?xml version="1.0" encoding="UTF-8"?>
<!-- Generated by org.testng.reporters.JUnitReportReporter -->
<testsuite hostname="Serveshs-MacBook-Air.local" failures="0" tests="2" name="com.mystore.testcases.IndexPageTest" time="19.009" errors="0" timestamp="2024-04-23T14:45:08 IST" skipped="0">
  <testcase classname="com.mystore.testcases.IndexPageTest" name="verifyTitleTest" time="8.523"/>
  <testcase classname="com.mystore.testcases.IndexPageTest" name="validateLogoTest" time="10.486"/>
</testsuite> <!-- com.mystore.testcases.IndexPageTest -->
