<?xml version="1.0" encoding="UTF-8"?>
<!-- Generated by org.testng.reporters.JUnitReportReporter -->
<testsuite hostname="Serveshs-MacBook-Air.local" failures="0" tests="1" name="com.mystore.testcases.AccountPageTest" time="11.679" errors="0" timestamp="2024-04-23T14:45:08 IST" skipped="0">
  <testcase classname="com.mystore.testcases.AccountPageTest" name="OrderHistoryTest" time="11.679"/>
</testsuite> <!-- com.mystore.testcases.AccountPageTest -->
